<?xml version="1.0" encoding="UTF-8"?>
<testsuite xmlns:xsi="http://www.w3.org/2001/XMLSchema-instance" xsi:noNamespaceSchemaLocation="https://maven.apache.org/surefire/maven-surefire-plugin/xsd/surefire-test-report-3.0.xsd" version="3.0" name="TestSuite" time="35.679" tests="8" errors="0" skipped="0" failures="0">
  <properties>
[...]
</properties>
  <testcase name="demo" classname="practice.ActionsTest" time="0.002">
    <system-out><![CDATA[chrome
chrome
chrome
chrome
chrome
chrome
group practice
]]></system-out>
    <system-err><![CDATA[Starting ChromeDriver 90.0.4430.24 (4c6d850f087da467d926e8eddb76550aed655991-refs/branch-heads/4430@{#429}) on port 45192
Only local connections are allowed.
Please see https://chromedriver.chromium.org/security-considerations for suggestions on keeping ChromeDriver safe.
Starting ChromeDriver 90.0.4430.24 (4c6d850f087da467d926e8eddb76550aed655991-refs/branch-heads/4430@{#429}) on port 30009
Only local connections are allowed.
Please see https://chromedriver.chromium.org/security-considerations for suggestions on keeping ChromeDriver safe.
Starting ChromeDriver 90.0.4430.24 (4c6d850f087da467d926e8eddb76550aed655991-refs/branch-heads/4430@{#429}) on port 46298
Only local connections are allowed.
Please see https://chromedriver.chromium.org/security-considerations for suggestions on keeping ChromeDriver safe.
ChromeDriver was started successfully.
ChromeDriver was started successfully.
ChromeDriver was started successfully.
Starting ChromeDriver 90.0.4430.24 (4c6d850f087da467d926e8eddb76550aed655991-refs/branch-heads/4430@{#429}) on port 4597
Only local connections are allowed.
Please see https://chromedriver.chromium.org/security-considerations for suggestions on keeping ChromeDriver safe.
Starting ChromeDriver 90.0.4430.24 (4c6d850f087da467d926e8eddb76550aed655991-refs/branch-heads/4430@{#429}) on port 42653
Only local connections are allowed.
Please see https://chromedriver.chromium.org/security-considerations for suggestions on keeping ChromeDriver safe.
Starting ChromeDriver 90.0.4430.24 (4c6d850f087da467d926e8eddb76550aed655991-refs/branch-heads/4430@{#429}) on port 4865
Only local connections are allowed.
Please see https://chromedriver.chromium.org/security-considerations for suggestions on keeping ChromeDriver safe.
ChromeDriver was started successfully.
ChromeDriver was started successfully.
ChromeDriver was started successfully.
[1625554270.876][WARNING]: This version of ChromeDriver has not been tested with Chrome version 91.
[1625554271.118][WARNING]: This version of ChromeDriver has not been tested with Chrome version 91.
[1625554271.805][WARNING]: This version of ChromeDriver has not been tested with Chrome version 91.
[1625554271.840][WARNING]: This version of ChromeDriver has not been tested with Chrome version 91.
[1625554271.895][WARNING]: This version of ChromeDriver has not been tested with Chrome version 91.
Jul 06, 2021 12:21:11 PM org.openqa.selenium.remote.ProtocolHandshake createSession
INFO: Detected dialect: W3C
Jul 06, 2021 12:21:11 PM org.openqa.selenium.remote.ProtocolHandshake createSession
INFO: Detected dialect: W3C
Jul 06, 2021 12:21:11 PM org.openqa.selenium.remote.ProtocolHandshake createSession
INFO: Detected dialect: W3C
[1625554271.944][WARNING]: This version of ChromeDriver has not been tested with Chrome version 91.
Jul 06, 2021 12:21:11 PM org.openqa.selenium.remote.ProtocolHandshake createSession
INFO: Detected dialect: W3C
Jul 06, 2021 12:21:12 PM org.openqa.selenium.remote.ProtocolHandshake createSession
INFO: Detected dialect: W3C
Jul 06, 2021 12:21:12 PM org.openqa.selenium.remote.ProtocolHandshake createSession
INFO: Detected dialect: W3C
]]></system-err>
  </testcase>
  <testcase name="fileUploadDemo" classname="practice.ActionsTest" time="5.105"/>
  <testcase name="dropDownDemo" classname="practice.DropDownTest" time="0.205">
    <system-out><![CDATA[7
4
Learn Selenium     Amit     Selenium     300     
Learn Java     Mukesh     Java     500     
Learn JS     Animesh     Javascript     300     
Master In Selenium     ]]></system-out>
  </testcase>
  <testcase name="alertDemo" classname="practice.AlertPracticeTest" time="2.695">
    <system-out><![CDATA[Mukesh     Press a button!
Selenium     3000     
Master In Java     Amod     JAVA     2000     
Master In JS     1
]]></system-out>
  </testcase>
  <testcase name="alertDemo" classname="practice.WebTableTest" time="3.875">
    <system-out><![CDATA[Amit     India
Indiana Jones
Indian National Congress
Indian Idol
Indiana
Javascript     1000     
]]></system-out>
  </testcase>
  <testcase name="date" classname="practice.DatePickerTest" time="8.554">
    <system-out><![CDATA[all windows :-- [CDwindow-0E235AD67F291FCA7130D1C5916867C0, CDwindow-E455A6D30D529F38F59136E60E7B30FA]
parent window id----CDwindow-0E235AD67F291FCA7130D1C5916867C0
child window id-----CDwindow-E455A6D30D529F38F59136E60E7B30FA
chrome
]]></system-out>
    <system-err><![CDATA[Starting ChromeDriver 90.0.4430.24 (4c6d850f087da467d926e8eddb76550aed655991-refs/branch-heads/4430@{#429}) on port 33003
Only local connections are allowed.
Please see https://chromedriver.chromium.org/security-considerations for suggestions on keeping ChromeDriver safe.
ChromeDriver was started successfully.
[1625554291.250][WARNING]: This version of ChromeDriver has not been tested with Chrome version 91.
Jul 06, 2021 12:21:31 PM org.openqa.selenium.remote.ProtocolHandshake createSession
INFO: Detected dialect: W3C
]]></system-err>
  </testcase>
  <testcase name="windowsMultiple" classname="practice.HomePageWindowsTest" time="8.926">
    <system-out><![CDATA[India - Wikipedia
Automation Testing Practice
]]></system-out>
  </testcase>
  <testcase name="slideDemo" classname="practice.SliderTest" time="0.529">
    <system-out><![CDATA[(851, 1402)
]]></system-out>
  </testcase>
</testsuite>