<?xml version="1.0" encoding="UTF-8"?>
<testng-results ignored="0" total="1" passed="1" failed="0" skipped="0">
  <reporter-output>
  </reporter-output>
  <suite started-at="2021-07-06T09:51:58 IST" name="Default suite" finished-at="2021-07-06T09:52:13 IST" duration-ms="14962">
    <groups>
    </groups>
    <test started-at="2021-07-06T09:51:58 IST" name="Default test" finished-at="2021-07-06T09:52:13 IST" duration-ms="14962">
      <class name="practice.HomePageWindowsTest">
        <test-method is-config="true" signature="initialize()[pri:0, instance:practice.HomePageWindowsTest@5552768b]" started-at="2021-07-06T09:51:58 IST" name="initialize" finished-at="2021-07-06T09:52:07 IST" duration-ms="9152" status="PASS">
          <reporter-output>
          </reporter-output>
        </test-method> <!-- initialize -->
        <test-method signature="windowsMultiple()[pri:0, instance:practice.HomePageWindowsTest@5552768b]" started-at="2021-07-06T09:52:07 IST" name="windowsMultiple" finished-at="2021-07-06T09:52:13 IST" duration-ms="5661" status="PASS">
          <reporter-output>
          </reporter-output>
        </test-method> <!-- windowsMultiple -->
        <test-method is-config="true" signature="tearDown()[pri:0, instance:practice.HomePageWindowsTest@5552768b]" started-at="2021-07-06T09:52:13 IST" name="tearDown" finished-at="2021-07-06T09:52:13 IST" duration-ms="87" status="PASS">
          <reporter-output>
          </reporter-output>
        </test-method> <!-- tearDown -->
      </class> <!-- practice.HomePageWindowsTest -->
    </test> <!-- Default test -->
  </suite> <!-- Default suite -->
</testng-results>
